This file contains any messages produced by compilers while
running configure, to aid debugging if configure makes a mistake.

It was created by doubanfm configure 1.0, which was
generated by GNU Autoconf 2.69.  Invocation command line was

  $ ./configure 

## --------- ##
## Platform. ##
## --------- ##

hostname = arch
uname -m = i686
uname -r = 3.8.3-2-ARCH
uname -s = Linux
uname -v = #1 SMP PREEMPT Sun Mar 17 13:38:16 CET 2013

/usr/bin/uname -p = unknown
/bin/uname -X     = unknown

/bin/arch              = unknown
/usr/bin/arch -k       = unknown
/usr/convex/getsysinfo = unknown
/usr/bin/hostinfo      = unknown
/bin/machine           = unknown
/usr/bin/oslevel       = unknown
/bin/universe          = unknown

PATH: /usr/local/bin
PATH: /usr/bin
PATH: /bin
PATH: /usr/local/sbin
PATH: /usr/sbin
PATH: /sbin
PATH: /usr/bin/core_perl


## ----------- ##
## Core tests. ##
## ----------- ##

configure:2244: checking for a BSD-compatible install
configure:2312: result: /usr/bin/install -c
configure:2323: checking whether build environment is sane
configure:2378: result: yes
configure:2529: checking for a thread-safe mkdir -p
configure:2568: result: /usr/bin/mkdir -p
configure:2575: checking for gawk
configure:2591: found /usr/bin/gawk
configure:2602: result: gawk
configure:2613: checking whether make sets $(MAKE)
configure:2635: result: yes
configure:2664: checking whether make supports nested variables
configure:2681: result: yes
configure:2880: checking for gcc
configure:2896: found /usr/bin/gcc
configure:2907: result: gcc
configure:3136: checking for C compiler version
configure:3145: gcc --version >&5
gcc (GCC) 4.7.2
Copyright (C) 2012 Free Software Foundation, Inc.
This is free software; see the source for copying conditions.  There is NO
warranty; not even for MERCHANTABILITY or FITNESS FOR A PARTICULAR PURPOSE.

configure:3156: $? = 0
configure:3145: gcc -v >&5
Using built-in specs.
COLLECT_GCC=gcc
COLLECT_LTO_WRAPPER=/usr/lib/gcc/i686-pc-linux-gnu/4.7.2/lto-wrapper
Target: i686-pc-linux-gnu
Configured with: /build/src/gcc-4.7.2/configure --prefix=/usr --libdir=/usr/lib --libexecdir=/usr/lib --mandir=/usr/share/man --infodir=/usr/share/info --with-bugurl=https://bugs.archlinux.org/ --enable-languages=c,c++,ada,fortran,go,lto,objc,obj-c++ --enable-shared --enable-threads=posix --with-system-zlib --enable-__cxa_atexit --disable-libunwind-exceptions --enable-clocale=gnu --disable-libstdcxx-pch --enable-libstdcxx-time --enable-gnu-unique-object --enable-linker-build-id --with-ppl --enable-cloog-backend=isl --disable-ppl-version-check --disable-cloog-version-check --enable-lto --enable-gold --enable-ld=default --enable-plugin --with-plugin-ld=ld.gold --with-linker-hash-style=gnu --disable-multilib --disable-libssp --disable-build-with-cxx --disable-build-poststage1-with-cxx --enable-checking=release
Thread model: posix
gcc version 4.7.2 (GCC) 
configure:3156: $? = 0
configure:3145: gcc -V >&5
gcc: error: unrecognized command line option '-V'
gcc: fatal error: no input files
compilation terminated.
configure:3156: $? = 1
configure:3145: gcc -qversion >&5
gcc: error: unrecognized command line option '-qversion'
gcc: fatal error: no input files
compilation terminated.
configure:3156: $? = 1
configure:3176: checking whether the C compiler works
configure:3198: gcc    conftest.c  >&5
configure:3202: $? = 0
configure:3250: result: yes
configure:3253: checking for C compiler default output file name
configure:3255: result: a.out
configure:3261: checking for suffix of executables
configure:3268: gcc -o conftest    conftest.c  >&5
configure:3272: $? = 0
configure:3294: result: 
configure:3316: checking whether we are cross compiling
configure:3324: gcc -o conftest    conftest.c  >&5
configure:3328: $? = 0
configure:3335: ./conftest
configure:3339: $? = 0
configure:3354: result: no
configure:3359: checking for suffix of object files
configure:3381: gcc -c   conftest.c >&5
configure:3385: $? = 0
configure:3406: result: o
configure:3410: checking whether we are using the GNU C compiler
configure:3429: gcc -c   conftest.c >&5
configure:3429: $? = 0
configure:3438: result: yes
configure:3447: checking whether gcc accepts -g
configure:3467: gcc -c -g  conftest.c >&5
configure:3467: $? = 0
configure:3508: result: yes
configure:3525: checking for gcc option to accept ISO C89
configure:3588: gcc  -c -g -O2  conftest.c >&5
configure:3588: $? = 0
configure:3601: result: none needed
configure:3632: checking for style of include used by make
configure:3660: result: GNU
configure:3686: checking dependency style of gcc
configure:3797: result: gcc3
configure:3814: checking dependency style of gcc
configure:3925: result: gcc3
configure:3985: checking for ranlib
configure:4001: found /usr/bin/ranlib
configure:4012: result: ranlib
configure:4042: checking how to run the C preprocessor
configure:4073: gcc -E  conftest.c
configure:4073: $? = 0
configure:4087: gcc -E  conftest.c
conftest.c:13:28: fatal error: ac_nonexistent.h: No such file or directory
compilation terminated.
configure:4087: $? = 1
configure: failed program was:
| /* confdefs.h */
| #define PACKAGE_NAME "doubanfm"
| #define PACKAGE_TARNAME "doubanfm"
| #define PACKAGE_VERSION "1.0"
| #define PACKAGE_STRING "doubanfm 1.0"
| #define PACKAGE_BUGREPORT "fancylinq@163.com"
| #define PACKAGE_URL ""
| #define PACKAGE "doubanfm"
| #define VERSION "1.0"
| #define PACKAGE "doubanfm"
| #define VERSION "1.0"
| /* end confdefs.h.  */
| #include <ac_nonexistent.h>
configure:4112: result: gcc -E
configure:4132: gcc -E  conftest.c
configure:4132: $? = 0
configure:4146: gcc -E  conftest.c
conftest.c:13:28: fatal error: ac_nonexistent.h: No such file or directory
compilation terminated.
configure:4146: $? = 1
configure: failed program was:
| /* confdefs.h */
| #define PACKAGE_NAME "doubanfm"
| #define PACKAGE_TARNAME "doubanfm"
| #define PACKAGE_VERSION "1.0"
| #define PACKAGE_STRING "doubanfm 1.0"
| #define PACKAGE_BUGREPORT "fancylinq@163.com"
| #define PACKAGE_URL ""
| #define PACKAGE "doubanfm"
| #define VERSION "1.0"
| #define PACKAGE "doubanfm"
| #define VERSION "1.0"
| /* end confdefs.h.  */
| #include <ac_nonexistent.h>
configure:4175: checking for grep that handles long lines and -e
configure:4233: result: /usr/bin/grep
configure:4238: checking for egrep
configure:4300: result: /usr/bin/grep -E
configure:4305: checking for ANSI C header files
configure:4325: gcc -c -g -O2  conftest.c >&5
configure:4325: $? = 0
configure:4398: gcc -o conftest -g -O2   conftest.c  >&5
configure:4398: $? = 0
configure:4398: ./conftest
configure:4398: $? = 0
configure:4409: result: yes
configure:4422: checking for sys/types.h
configure:4422: gcc -c -g -O2  conftest.c >&5
configure:4422: $? = 0
configure:4422: result: yes
configure:4422: checking for sys/stat.h
configure:4422: gcc -c -g -O2  conftest.c >&5
configure:4422: $? = 0
configure:4422: result: yes
configure:4422: checking for stdlib.h
configure:4422: gcc -c -g -O2  conftest.c >&5
configure:4422: $? = 0
configure:4422: result: yes
configure:4422: checking for string.h
configure:4422: gcc -c -g -O2  conftest.c >&5
configure:4422: $? = 0
configure:4422: result: yes
configure:4422: checking for memory.h
configure:4422: gcc -c -g -O2  conftest.c >&5
configure:4422: $? = 0
configure:4422: result: yes
configure:4422: checking for strings.h
configure:4422: gcc -c -g -O2  conftest.c >&5
configure:4422: $? = 0
configure:4422: result: yes
configure:4422: checking for inttypes.h
configure:4422: gcc -c -g -O2  conftest.c >&5
configure:4422: $? = 0
configure:4422: result: yes
configure:4422: checking for stdint.h
configure:4422: gcc -c -g -O2  conftest.c >&5
configure:4422: $? = 0
configure:4422: result: yes
configure:4422: checking for unistd.h
configure:4422: gcc -c -g -O2  conftest.c >&5
configure:4422: $? = 0
configure:4422: result: yes
configure:4437: checking for stdlib.h
configure:4437: result: yes
configure:4437: checking for string.h
configure:4437: result: yes
configure:4449: checking for off_t
configure:4449: gcc -c -g -O2  conftest.c >&5
configure:4449: $? = 0
configure:4449: gcc -c -g -O2  conftest.c >&5
conftest.c: In function 'main':
conftest.c:61:20: error: expected expression before ')' token
configure:4449: $? = 1
configure: failed program was:
| /* confdefs.h */
| #define PACKAGE_NAME "doubanfm"
| #define PACKAGE_TARNAME "doubanfm"
| #define PACKAGE_VERSION "1.0"
| #define PACKAGE_STRING "doubanfm 1.0"
| #define PACKAGE_BUGREPORT "fancylinq@163.com"
| #define PACKAGE_URL ""
| #define PACKAGE "doubanfm"
| #define VERSION "1.0"
| #define PACKAGE "doubanfm"
| #define VERSION "1.0"
| #define STDC_HEADERS 1
| #define HAVE_SYS_TYPES_H 1
| #define HAVE_SYS_STAT_H 1
| #define HAVE_STDLIB_H 1
| #define HAVE_STRING_H 1
| #define HAVE_MEMORY_H 1
| #define HAVE_STRINGS_H 1
| #define HAVE_INTTYPES_H 1
| #define HAVE_STDINT_H 1
| #define HAVE_UNISTD_H 1
| #define HAVE_STDLIB_H 1
| #define HAVE_STRING_H 1
| /* end confdefs.h.  */
| #include <stdio.h>
| #ifdef HAVE_SYS_TYPES_H
| # include <sys/types.h>
| #endif
| #ifdef HAVE_SYS_STAT_H
| # include <sys/stat.h>
| #endif
| #ifdef STDC_HEADERS
| # include <stdlib.h>
| # include <stddef.h>
| #else
| # ifdef HAVE_STDLIB_H
| #  include <stdlib.h>
| # endif
| #endif
| #ifdef HAVE_STRING_H
| # if !defined STDC_HEADERS && defined HAVE_MEMORY_H
| #  include <memory.h>
| # endif
| # include <string.h>
| #endif
| #ifdef HAVE_STRINGS_H
| # include <strings.h>
| #endif
| #ifdef HAVE_INTTYPES_H
| # include <inttypes.h>
| #endif
| #ifdef HAVE_STDINT_H
| # include <stdint.h>
| #endif
| #ifdef HAVE_UNISTD_H
| # include <unistd.h>
| #endif
| int
| main ()
| {
| if (sizeof ((off_t)))
| 	    return 0;
|   ;
|   return 0;
| }
configure:4449: result: yes
configure:4460: checking for size_t
configure:4460: gcc -c -g -O2  conftest.c >&5
configure:4460: $? = 0
configure:4460: gcc -c -g -O2  conftest.c >&5
conftest.c: In function 'main':
conftest.c:61:21: error: expected expression before ')' token
configure:4460: $? = 1
configure: failed program was:
| /* confdefs.h */
| #define PACKAGE_NAME "doubanfm"
| #define PACKAGE_TARNAME "doubanfm"
| #define PACKAGE_VERSION "1.0"
| #define PACKAGE_STRING "doubanfm 1.0"
| #define PACKAGE_BUGREPORT "fancylinq@163.com"
| #define PACKAGE_URL ""
| #define PACKAGE "doubanfm"
| #define VERSION "1.0"
| #define PACKAGE "doubanfm"
| #define VERSION "1.0"
| #define STDC_HEADERS 1
| #define HAVE_SYS_TYPES_H 1
| #define HAVE_SYS_STAT_H 1
| #define HAVE_STDLIB_H 1
| #define HAVE_STRING_H 1
| #define HAVE_MEMORY_H 1
| #define HAVE_STRINGS_H 1
| #define HAVE_INTTYPES_H 1
| #define HAVE_STDINT_H 1
| #define HAVE_UNISTD_H 1
| #define HAVE_STDLIB_H 1
| #define HAVE_STRING_H 1
| /* end confdefs.h.  */
| #include <stdio.h>
| #ifdef HAVE_SYS_TYPES_H
| # include <sys/types.h>
| #endif
| #ifdef HAVE_SYS_STAT_H
| # include <sys/stat.h>
| #endif
| #ifdef STDC_HEADERS
| # include <stdlib.h>
| # include <stddef.h>
| #else
| # ifdef HAVE_STDLIB_H
| #  include <stdlib.h>
| # endif
| #endif
| #ifdef HAVE_STRING_H
| # if !defined STDC_HEADERS && defined HAVE_MEMORY_H
| #  include <memory.h>
| # endif
| # include <string.h>
| #endif
| #ifdef HAVE_STRINGS_H
| # include <strings.h>
| #endif
| #ifdef HAVE_INTTYPES_H
| # include <inttypes.h>
| #endif
| #ifdef HAVE_STDINT_H
| # include <stdint.h>
| #endif
| #ifdef HAVE_UNISTD_H
| # include <unistd.h>
| #endif
| int
| main ()
| {
| if (sizeof ((size_t)))
| 	    return 0;
|   ;
|   return 0;
| }
configure:4460: result: yes
configure:4475: checking for stdlib.h
configure:4475: result: yes
configure:4485: checking for GNU libc compatible malloc
configure:4509: gcc -o conftest -g -O2   conftest.c  >&5
configure:4509: $? = 0
configure:4509: ./conftest
configure:4509: $? = 0
configure:4519: result: yes
configure:4542: checking for stdlib.h
configure:4542: result: yes
configure:4552: checking for GNU libc compatible realloc
configure:4576: gcc -o conftest -g -O2   conftest.c  >&5
configure:4576: $? = 0
configure:4576: ./conftest
configure:4576: $? = 0
configure:4586: result: yes
configure:4609: checking for strstr
configure:4609: gcc -o conftest -g -O2   conftest.c  >&5
conftest.c:52:6: warning: conflicting types for built-in function 'strstr' [enabled by default]
configure:4609: $? = 0
configure:4609: result: yes
configure:4731: checking that generated files are newer than configure
configure:4737: result: done
configure:4772: creating ./config.status

## ---------------------- ##
## Running config.status. ##
## ---------------------- ##

This file was extended by doubanfm config.status 1.0, which was
generated by GNU Autoconf 2.69.  Invocation command line was

  CONFIG_FILES    = 
  CONFIG_HEADERS  = 
  CONFIG_LINKS    = 
  CONFIG_COMMANDS = 
  $ ./config.status 

on arch

config.status:868: creating Makefile
config.status:868: creating doc/Makefile
config.status:868: creating lib/Makefile
config.status:868: creating po/Makefile
config.status:868: creating man/Makefile
config.status:868: creating src/Makefile
config.status:868: creating tests/Makefile
config.status:868: creating config.h
config.status:1049: config.h is unchanged
config.status:1097: executing depfiles commands

## ---------------- ##
## Cache variables. ##
## ---------------- ##

ac_cv_c_compiler_gnu=yes
ac_cv_env_CC_set=
ac_cv_env_CC_value=
ac_cv_env_CFLAGS_set=
ac_cv_env_CFLAGS_value=
ac_cv_env_CPPFLAGS_set=
ac_cv_env_CPPFLAGS_value=
ac_cv_env_CPP_set=
ac_cv_env_CPP_value=
ac_cv_env_LDFLAGS_set=
ac_cv_env_LDFLAGS_value=
ac_cv_env_LIBS_set=
ac_cv_env_LIBS_value=
ac_cv_env_build_alias_set=
ac_cv_env_build_alias_value=
ac_cv_env_host_alias_set=
ac_cv_env_host_alias_value=
ac_cv_env_target_alias_set=
ac_cv_env_target_alias_value=
ac_cv_func_malloc_0_nonnull=yes
ac_cv_func_realloc_0_nonnull=yes
ac_cv_func_strstr=yes
ac_cv_header_inttypes_h=yes
ac_cv_header_memory_h=yes
ac_cv_header_stdc=yes
ac_cv_header_stdint_h=yes
ac_cv_header_stdlib_h=yes
ac_cv_header_string_h=yes
ac_cv_header_strings_h=yes
ac_cv_header_sys_stat_h=yes
ac_cv_header_sys_types_h=yes
ac_cv_header_unistd_h=yes
ac_cv_objext=o
ac_cv_path_EGREP='/usr/bin/grep -E'
ac_cv_path_GREP=/usr/bin/grep
ac_cv_path_install='/usr/bin/install -c'
ac_cv_path_mkdir=/usr/bin/mkdir
ac_cv_prog_AWK=gawk
ac_cv_prog_CPP='gcc -E'
ac_cv_prog_ac_ct_CC=gcc
ac_cv_prog_ac_ct_RANLIB=ranlib
ac_cv_prog_cc_c89=
ac_cv_prog_cc_g=yes
ac_cv_prog_make_make_set=yes
ac_cv_type_off_t=yes
ac_cv_type_size_t=yes
am_cv_CC_dependencies_compiler_type=gcc3
am_cv_make_support_nested_variables=yes

## ----------------- ##
## Output variables. ##
## ----------------- ##

ACLOCAL='${SHELL} /home/linq/code/doubanfm/missing aclocal-1.13'
AMDEPBACKSLASH='\'
AMDEP_FALSE='#'
AMDEP_TRUE=''
AMTAR='$${TAR-tar}'
AM_BACKSLASH='\'
AM_DEFAULT_V='$(AM_DEFAULT_VERBOSITY)'
AM_DEFAULT_VERBOSITY='1'
AM_V='$(V)'
AUTOCONF='${SHELL} /home/linq/code/doubanfm/missing autoconf'
AUTOHEADER='${SHELL} /home/linq/code/doubanfm/missing autoheader'
AUTOMAKE='${SHELL} /home/linq/code/doubanfm/missing automake-1.13'
AWK='gawk'
CC='gcc'
CCDEPMODE='depmode=gcc3'
CFLAGS='-g -O2'
CPP='gcc -E'
CPPFLAGS=''
CYGPATH_W='echo'
DEFS='-DHAVE_CONFIG_H'
DEPDIR='.deps'
ECHO_C=''
ECHO_N='-n'
ECHO_T=''
EGREP='/usr/bin/grep -E'
EXEEXT=''
GREP='/usr/bin/grep'
INSTALL_DATA='${INSTALL} -m 644'
INSTALL_PROGRAM='${INSTALL}'
INSTALL_SCRIPT='${INSTALL}'
INSTALL_STRIP_PROGRAM='$(install_sh) -c -s'
LDFLAGS=''
LIBOBJS=''
LIBS=''
LTLIBOBJS=''
MAKEINFO='${SHELL} /home/linq/code/doubanfm/missing makeinfo'
MKDIR_P='/usr/bin/mkdir -p'
OBJEXT='o'
PACKAGE='doubanfm'
PACKAGE_BUGREPORT='fancylinq@163.com'
PACKAGE_NAME='doubanfm'
PACKAGE_STRING='doubanfm 1.0'
PACKAGE_TARNAME='doubanfm'
PACKAGE_URL=''
PACKAGE_VERSION='1.0'
PATH_SEPARATOR=':'
RANLIB='ranlib'
SET_MAKE=''
SHELL='/bin/sh'
STRIP=''
VERSION='1.0'
ac_ct_CC='gcc'
am__EXEEXT_FALSE=''
am__EXEEXT_TRUE='#'
am__fastdepCC_FALSE='#'
am__fastdepCC_TRUE=''
am__include='include'
am__isrc=''
am__leading_dot='.'
am__nodep='_no'
am__quote=''
am__tar='$${TAR-tar} chof - "$$tardir"'
am__untar='$${TAR-tar} xf -'
bindir='${exec_prefix}/bin'
build_alias=''
datadir='${datarootdir}'
datarootdir='${prefix}/share'
docdir='${datarootdir}/doc/${PACKAGE_TARNAME}'
dvidir='${docdir}'
exec_prefix='${prefix}'
host_alias=''
htmldir='${docdir}'
includedir='${prefix}/include'
infodir='${datarootdir}/info'
install_sh='${SHELL} /home/linq/code/doubanfm/install-sh'
libdir='${exec_prefix}/lib'
libexecdir='${exec_prefix}/libexec'
localedir='${datarootdir}/locale'
localstatedir='${prefix}/var'
mandir='${datarootdir}/man'
mkdir_p='$(MKDIR_P)'
oldincludedir='/usr/include'
pdfdir='${docdir}'
prefix='/usr/local'
program_transform_name='s,x,x,'
psdir='${docdir}'
sbindir='${exec_prefix}/sbin'
sharedstatedir='${prefix}/com'
sysconfdir='${prefix}/etc'
target_alias=''

## ----------- ##
## confdefs.h. ##
## ----------- ##

/* confdefs.h */
#define PACKAGE_NAME "doubanfm"
#define PACKAGE_TARNAME "doubanfm"
#define PACKAGE_VERSION "1.0"
#define PACKAGE_STRING "doubanfm 1.0"
#define PACKAGE_BUGREPORT "fancylinq@163.com"
#define PACKAGE_URL ""
#define PACKAGE "doubanfm"
#define VERSION "1.0"
#define PACKAGE "doubanfm"
#define VERSION "1.0"
#define STDC_HEADERS 1
#define HAVE_SYS_TYPES_H 1
#define HAVE_SYS_STAT_H 1
#define HAVE_STDLIB_H 1
#define HAVE_STRING_H 1
#define HAVE_MEMORY_H 1
#define HAVE_STRINGS_H 1
#define HAVE_INTTYPES_H 1
#define HAVE_STDINT_H 1
#define HAVE_UNISTD_H 1
#define HAVE_STDLIB_H 1
#define HAVE_STRING_H 1
#define HAVE_STDLIB_H 1
#define HAVE_MALLOC 1
#define HAVE_STDLIB_H 1
#define HAVE_REALLOC 1
#define HAVE_STRSTR 1

configure: exit 0

## ---------------------- ##
## Running config.status. ##
## ---------------------- ##

This file was extended by doubanfm config.status 1.0, which was
generated by GNU Autoconf 2.69.  Invocation command line was

  CONFIG_FILES    = 
  CONFIG_HEADERS  = 
  CONFIG_LINKS    = 
  CONFIG_COMMANDS = 
  $ ./config.status config.h

on arch

config.status:868: creating config.h

## ---------------------- ##
## Running config.status. ##
## ---------------------- ##

This file was extended by doubanfm config.status 1.0, which was
generated by GNU Autoconf 2.69.  Invocation command line was

  CONFIG_FILES    = 
  CONFIG_HEADERS  = 
  CONFIG_LINKS    = 
  CONFIG_COMMANDS = 
  $ ./config.status Makefile

on arch

config.status:868: creating Makefile

## ---------------------- ##
## Running config.status. ##
## ---------------------- ##

This file was extended by doubanfm config.status 1.0, which was
generated by GNU Autoconf 2.69.  Invocation command line was

  CONFIG_FILES    = 
  CONFIG_HEADERS  = 
  CONFIG_LINKS    = 
  CONFIG_COMMANDS = 
  $ ./config.status lib/Makefile depfiles

on arch

config.status:868: creating lib/Makefile
config.status:1097: executing depfiles commands

## ---------------------- ##
## Running config.status. ##
## ---------------------- ##

This file was extended by doubanfm config.status 1.0, which was
generated by GNU Autoconf 2.69.  Invocation command line was

  CONFIG_FILES    = 
  CONFIG_HEADERS  = 
  CONFIG_LINKS    = 
  CONFIG_COMMANDS = 
  $ ./config.status po/Makefile

on arch

config.status:868: creating po/Makefile

## ---------------------- ##
## Running config.status. ##
## ---------------------- ##

This file was extended by doubanfm config.status 1.0, which was
generated by GNU Autoconf 2.69.  Invocation command line was

  CONFIG_FILES    = 
  CONFIG_HEADERS  = 
  CONFIG_LINKS    = 
  CONFIG_COMMANDS = 
  $ ./config.status src/Makefile depfiles

on arch

config.status:868: creating src/Makefile
config.status:1097: executing depfiles commands

## ---------------------- ##
## Running config.status. ##
## ---------------------- ##

This file was extended by doubanfm config.status 1.0, which was
generated by GNU Autoconf 2.69.  Invocation command line was

  CONFIG_FILES    = 
  CONFIG_HEADERS  = 
  CONFIG_LINKS    = 
  CONFIG_COMMANDS = 
  $ ./config.status doc/Makefile

on arch

config.status:868: creating doc/Makefile

## ---------------------- ##
## Running config.status. ##
## ---------------------- ##

This file was extended by doubanfm config.status 1.0, which was
generated by GNU Autoconf 2.69.  Invocation command line was

  CONFIG_FILES    = 
  CONFIG_HEADERS  = 
  CONFIG_LINKS    = 
  CONFIG_COMMANDS = 
  $ ./config.status man/Makefile

on arch

config.status:868: creating man/Makefile

## ---------------------- ##
## Running config.status. ##
## ---------------------- ##

This file was extended by doubanfm config.status 1.0, which was
generated by GNU Autoconf 2.69.  Invocation command line was

  CONFIG_FILES    = 
  CONFIG_HEADERS  = 
  CONFIG_LINKS    = 
  CONFIG_COMMANDS = 
  $ ./config.status tests/Makefile

on arch

config.status:868: creating tests/Makefile

## ---------------------- ##
## Running config.status. ##
## ---------------------- ##

This file was extended by doubanfm config.status 1.0, which was
generated by GNU Autoconf 2.69.  Invocation command line was

  CONFIG_FILES    = 
  CONFIG_HEADERS  = 
  CONFIG_LINKS    = 
  CONFIG_COMMANDS = 
  $ ./config.status src/Makefile depfiles

on arch

config.status:868: creating src/Makefile
config.status:1097: executing depfiles commands

## ---------------------- ##
## Running config.status. ##
## ---------------------- ##

This file was extended by doubanfm config.status 1.0, which was
generated by GNU Autoconf 2.69.  Invocation command line was

  CONFIG_FILES    = 
  CONFIG_HEADERS  = 
  CONFIG_LINKS    = 
  CONFIG_COMMANDS = 
  $ ./config.status src/Makefile depfiles

on arch

config.status:868: creating src/Makefile
config.status:1097: executing depfiles commands
